# Logfile created on Tue Jul 07 14:19:29 -0300 2009 by /
D, [2009-07-07T14:19:29.776097 #15406] DEBUG -- : TRACING ON Tue Jul 07 14:19:29 -0300 2009
Tue Jul 07 14:19:37 -0300 2009 FILES OPEN BEFORE REQUEST /sessions/new
--- 
/media/Marco/Ruby/siscog/log/development.log: 1
log/mongrel_debug/objects.log: 2
log/mongrel_debug/rails.log: 1
log/mongrel_debug/threads.log: 1
log/mongrel_debug/files.log: 1
log/mongrel_debug/access.log: 1

Tue Jul 07 14:19:41 -0300 2009 FILES OPEN BEFORE REQUEST /sessions/new
--- 
/media/Marco/Ruby/siscog/log/development.log: 1
log/mongrel_debug/objects.log: 2
log/mongrel_debug/rails.log: 1
log/mongrel_debug/threads.log: 1
log/mongrel_debug/files.log: 1
log/mongrel_debug/access.log: 1

Tue Jul 07 14:19:50 -0300 2009 FILES OPEN BEFORE REQUEST /sessions
--- 
/media/Marco/Ruby/siscog/log/development.log: 1
log/mongrel_debug/objects.log: 2
log/mongrel_debug/rails.log: 1
log/mongrel_debug/threads.log: 1
log/mongrel_debug/files.log: 1
log/mongrel_debug/access.log: 1

Tue Jul 07 14:22:00 -0300 2009 FILES OPEN BEFORE REQUEST /sessions
--- 
/media/Marco/Ruby/siscog/log/development.log: 1
log/mongrel_debug/objects.log: 2
log/mongrel_debug/rails.log: 1
log/mongrel_debug/threads.log: 1
log/mongrel_debug/files.log: 1
log/mongrel_debug/access.log: 1

FILES OPEN AT EXIT
--- 
/media/Marco/Ruby/siscog/log/development.log: 1
log/mongrel_debug/objects.log: 2
log/mongrel_debug/rails.log: 1
log/mongrel_debug/threads.log: 1
log/mongrel_debug/files.log: 1
log/mongrel_debug/access.log: 1

